<?xml version="1.0" encoding="UTF-8"?>
<!-- Generated by org.testng.reporters.JUnitXMLReporter -->
<testsuite hostname="Alexanders-MacBook-Pro.local" ignored="0" name="Surefire test" tests="3" failures="1" timestamp="12 Feb 2020 08:07:44 GMT" time="0.04" errors="0">
  <testcase name="f" time="0.008" classname="com.molodetskyi.test5.SeconTest">
    <failure type="java.lang.AssertionError" message="expected [false] but found [true]">
      <![CDATA[java.lang.AssertionError: expected [false] but found [true]at com.molodetskyi.test5.SeconTest.f(SeconTest.java:10)... Removed 36 stack frames]]>
    </failure>
  </testcase> <!-- f -->
  <testcase name="f" time="0.0" classname="com.molodetskyi.test5.FirstTest"/>
  <testcase name="f" time="0.0" classname="com.molodetskyi.test5.ThirdTest"/>
</testsuite> <!-- Surefire test -->
