<?xml version="1.0" encoding="UTF-8"?>
<!-- Generated by org.testng.reporters.JUnitXMLReporter -->
<testsuite hostname="Alexanders-MacBook-Pro.local" ignored="0" name="Command line test" tests="3" failures="0" timestamp="12 Feb 2020 08:03:17 GMT" time="0.027" errors="0">
  <testcase name="f" time="0.007" classname="com.molodetskyi.test5.SeconTest"/>
  <testcase name="f" time="0.0" classname="com.molodetskyi.test5.FirstTest"/>
  <testcase name="f" time="0.0" classname="com.molodetskyi.test5.ThirdTest"/>
</testsuite> <!-- Command line test -->
